DATA SHIFTING CORRECTION ERROR LOG
==================================================

Fixed multi-line transaction at lines 95-96:
Line 95: "WGU Corporation"|^|"WGUCORP"|^|"Approved"|^|"PC-10012673"|^|"2025-05-01-07:00"|^|"2025-05-01-07:00"|^|"1335 WGU Commencements"|^|"JC Hospitality"|^|"04/21/2025 ENCORE GROUP USA LLC 26,098.60 USD"|^|"Requisition for Event Venue at Virgin Hotel for Alumni Celebration 	
Line 96: April 25, 2025"|^|"Meeting Equipment & Supplies"|^|"PO-100030339"|^|"Approved"|^|"0"|^|"26098.6"|^|""
Combined into: "WGU Corporation"|^|"WGUCORP"|^|"Approved"|^|"PC-10012673"|^|"2025-05-01-07:00"|^|"2025-05-01-07:00"|^|"1335 WGU Commencements"|^|"JC Hospitality"|^|"04/21/2025 ENCORE GROUP USA LLC 26,098.60 USD"|^|"Requisition for Event Venue at Virgin Hotel for Alumni Celebration 	 April 25, 2025"|^|"Meeting Equipment & Supplies"|^|"PO-100030339"|^|"Approved"|^|"0"|^|"26098.6"|^|""
--------------------------------------------------
Fixed multi-line transaction at lines 101-102:
Line 101: "WGU Corporation"|^|"WGUCORP"|^|"Approved"|^|"PC-10012678"|^|"2025-05-01-07:00"|^|"2025-05-01-07:00"|^|"1335 WGU Commencements"|^|"JC Hospitality"|^|"04/21/2025 VHLV-SERTIFI DEPOSIT 41,031.57 USD"|^|"Requisition for Event Venue at Virgin Hotel for Alumni Celebration 	
Line 102: April 25, 2025"|^|"Meeting Equipment & Supplies"|^|"PO-100030339"|^|"Approved"|^|"0"|^|"41031.57"|^|""
Combined into: "WGU Corporation"|^|"WGUCORP"|^|"Approved"|^|"PC-10012678"|^|"2025-05-01-07:00"|^|"2025-05-01-07:00"|^|"1335 WGU Commencements"|^|"JC Hospitality"|^|"04/21/2025 VHLV-SERTIFI DEPOSIT 41,031.57 USD"|^|"Requisition for Event Venue at Virgin Hotel for Alumni Celebration 	 April 25, 2025"|^|"Meeting Equipment & Supplies"|^|"PO-100030339"|^|"Approved"|^|"0"|^|"41031.57"|^|""
--------------------------------------------------
Fixed multi-line transaction at lines 127-128:
Line 127: "WGU Corporation"|^|"WGUCORP"|^|"Approved"|^|"PC-10012685"|^|"2025-05-01-07:00"|^|"2025-05-01-07:00"|^|"1406 Clinical Learning and Placement Support"|^|"WGU Procurement Only"|^|"04/24/2025 PAYPAL *NURSINGCONS 1,751.00 USD"|^|"CCPS User Fees for Calendar year 2025 (Charges for use of Centralized Clinical
Line 128: Placement System for student nurse clinical scheduling.)"|^|"Filing / License Fees"|^|"PO-100035933"|^|"Approved"|^|"0"|^|"1751"|^|""
Combined into: "WGU Corporation"|^|"WGUCORP"|^|"Approved"|^|"PC-10012685"|^|"2025-05-01-07:00"|^|"2025-05-01-07:00"|^|"1406 Clinical Learning and Placement Support"|^|"WGU Procurement Only"|^|"04/24/2025 PAYPAL *NURSINGCONS 1,751.00 USD"|^|"CCPS User Fees for Calendar year 2025 (Charges for use of Centralized Clinical Placement System for student nurse clinical scheduling.)"|^|"Filing / License Fees"|^|"PO-100035933"|^|"Approved"|^|"0"|^|"1751"|^|""
--------------------------------------------------
Fixed multi-line transaction at lines 370-372:
Line 370: "WGU Corporation"|^|"WGUCORP"|^|"Approved"|^|"PC-10012758"|^|"2025-05-07-07:00"|^|"2025-05-07-07:00"|^|"1001 Office of the President / CEO"|^|"WGU Procurement Only"|^|"05/02/2025 HYATT REG AUSTIN EVE 13,000.00 USD"|^|"Deposit for All Hands Watch Party - Austin, TX
Line 371: Meeting Rooms
Line 372: Vendor: Hyatt Regency Austin (One time supplier)"|^|"Meeting Room Fees"|^|"PO-100036803"|^|"Approved"|^|"0"|^|"13000"|^|""
Combined into: "WGU Corporation"|^|"WGUCORP"|^|"Approved"|^|"PC-10012758"|^|"2025-05-07-07:00"|^|"2025-05-07-07:00"|^|"1001 Office of the President / CEO"|^|"WGU Procurement Only"|^|"05/02/2025 HYATT REG AUSTIN EVE 13,000.00 USD"|^|"Deposit for All Hands Watch Party - Austin, TX Meeting Rooms Vendor: Hyatt Regency Austin (One time supplier)"|^|"Meeting Room Fees"|^|"PO-100036803"|^|"Approved"|^|"0"|^|"13000"|^|""
--------------------------------------------------
Fixed multi-line transaction at lines 488-489:
Line 488: "WGU Corporation"|^|"WGUCORP"|^|"Approved"|^|"PC-10012785"|^|"2025-05-12-07:00"|^|"2025-05-12-07:00"|^|"1335 WGU Commencements"|^|"JC Hospitality"|^|"04/18/2025 ENCORE GROUP USA LLC 8,597.55 USD"|^|"Requisition for Event Venue at Virgin Hotel for Alumni Celebration 	
Line 489: April 25, 2025"|^|"Meeting Equipment & Supplies"|^|"PO-100030339"|^|"Approved"|^|"0"|^|"8597.55"|^|""
Combined into: "WGU Corporation"|^|"WGUCORP"|^|"Approved"|^|"PC-10012785"|^|"2025-05-12-07:00"|^|"2025-05-12-07:00"|^|"1335 WGU Commencements"|^|"JC Hospitality"|^|"04/18/2025 ENCORE GROUP USA LLC 8,597.55 USD"|^|"Requisition for Event Venue at Virgin Hotel for Alumni Celebration 	 April 25, 2025"|^|"Meeting Equipment & Supplies"|^|"PO-100030339"|^|"Approved"|^|"0"|^|"8597.55"|^|""
--------------------------------------------------
Fixed multi-line transaction at lines 490-491:
Line 490: "WGU Corporation"|^|"WGUCORP"|^|"Approved"|^|"PC-10012786"|^|"2025-05-12-07:00"|^|"2025-05-12-07:00"|^|"1335 WGU Commencements"|^|"JC Hospitality"|^|"04/21/2025 ENCORE GROUP USA LLC 1,264.12 USD"|^|"Requisition for Event Venue at Virgin Hotel for Alumni Celebration 	
Line 491: April 25, 2025"|^|"Meeting Equipment & Supplies"|^|"PO-100030339"|^|"Approved"|^|"0"|^|"1264.12"|^|""
Combined into: "WGU Corporation"|^|"WGUCORP"|^|"Approved"|^|"PC-10012786"|^|"2025-05-12-07:00"|^|"2025-05-12-07:00"|^|"1335 WGU Commencements"|^|"JC Hospitality"|^|"04/21/2025 ENCORE GROUP USA LLC 1,264.12 USD"|^|"Requisition for Event Venue at Virgin Hotel for Alumni Celebration 	 April 25, 2025"|^|"Meeting Equipment & Supplies"|^|"PO-100030339"|^|"Approved"|^|"0"|^|"1264.12"|^|""
--------------------------------------------------
Fixed multi-line transaction at lines 670-672:
Line 670: "WGU Corporation"|^|"WGUCORP"|^|"Approved"|^|"PC-10012812"|^|"2025-05-14-07:00"|^|"2025-05-14-07:00"|^|"1001 Office of the President / CEO"|^|"WGU Procurement Only"|^|"05/09/2025 HLT SLC CENTER SERTI 97,392.00 USD"|^|"Senior Leadership Development Summit - May 14, 2005. 
Line 671: Vendor: Hilton Salt Lake City Center
Line 672: Food & Beverage, Lodging"|^|"Meeting Food & Beverage"|^|"PO-100037116"|^|"Approved"|^|"0"|^|"53217.5"|^|""
Combined into: "WGU Corporation"|^|"WGUCORP"|^|"Approved"|^|"PC-10012812"|^|"2025-05-14-07:00"|^|"2025-05-14-07:00"|^|"1001 Office of the President / CEO"|^|"WGU Procurement Only"|^|"05/09/2025 HLT SLC CENTER SERTI 97,392.00 USD"|^|"Senior Leadership Development Summit - May 14, 2005.  Vendor: Hilton Salt Lake City Center Food & Beverage, Lodging"|^|"Meeting Food & Beverage"|^|"PO-100037116"|^|"Approved"|^|"0"|^|"53217.5"|^|""
--------------------------------------------------
Fixed multi-line transaction at lines 711-714:
Line 711: "WGU Corporation"|^|"WGUCORP"|^|"Approved"|^|"PC-10012824"|^|"2025-05-16-07:00"|^|"2025-05-16-07:00"|^|"1220 Enterprise Systems (IT Operations)"|^|"Microsoft Corporation"|^|"05/08/2025 MSFT+*+E0300WD317 9.66 USD"|^|"To cover all annual direct (credit card) charges for licenses on the following Azure tenants:
Line 712: WesternGovernorsUniversity.onmicrosoft.com (WGU production)
Line 713: iocollabsandbox.onmicrosoft.com (Infrastructure Operations Collaboration sandbox tenant)
Line 714: $45,000 estimate for full year, monthly invoices add up to about $3,700/month"|^|"Software"|^|"PO-100034183"|^|"Approved"|^|"0"|^|"9.66"|^|""
Combined into: "WGU Corporation"|^|"WGUCORP"|^|"Approved"|^|"PC-10012824"|^|"2025-05-16-07:00"|^|"2025-05-16-07:00"|^|"1220 Enterprise Systems (IT Operations)"|^|"Microsoft Corporation"|^|"05/08/2025 MSFT+*+E0300WD317 9.66 USD"|^|"To cover all annual direct (credit card) charges for licenses on the following Azure tenants: WesternGovernorsUniversity.onmicrosoft.com (WGU production) iocollabsandbox.onmicrosoft.com (Infrastructure Operations Collaboration sandbox tenant) $45,000 estimate for full year, monthly invoices add up to about $3,700/month"|^|"Software"|^|"PO-100034183"|^|"Approved"|^|"0"|^|"9.66"|^|""
--------------------------------------------------
Fixed multi-line transaction at lines 715-718:
Line 715: "WGU Corporation"|^|"WGUCORP"|^|"Approved"|^|"PC-10012824"|^|"2025-05-16-07:00"|^|"2025-05-16-07:00"|^|"1220 Enterprise Systems (IT Operations)"|^|"Microsoft Corporation"|^|"05/08/2025 MSFT * E0300WD32R 19.30 USD"|^|"To cover all annual direct (credit card) charges for licenses on the following Azure tenants:
Line 716: WesternGovernorsUniversity.onmicrosoft.com (WGU production)
Line 717: iocollabsandbox.onmicrosoft.com (Infrastructure Operations Collaboration sandbox tenant)
Line 718: $45,000 estimate for full year, monthly invoices add up to about $3,700/month"|^|"Software"|^|"PO-100034183"|^|"Approved"|^|"0"|^|"19.3"|^|""
Combined into: "WGU Corporation"|^|"WGUCORP"|^|"Approved"|^|"PC-10012824"|^|"2025-05-16-07:00"|^|"2025-05-16-07:00"|^|"1220 Enterprise Systems (IT Operations)"|^|"Microsoft Corporation"|^|"05/08/2025 MSFT * E0300WD32R 19.30 USD"|^|"To cover all annual direct (credit card) charges for licenses on the following Azure tenants: WesternGovernorsUniversity.onmicrosoft.com (WGU production) iocollabsandbox.onmicrosoft.com (Infrastructure Operations Collaboration sandbox tenant) $45,000 estimate for full year, monthly invoices add up to about $3,700/month"|^|"Software"|^|"PO-100034183"|^|"Approved"|^|"0"|^|"19.3"|^|""
--------------------------------------------------
Fixed multi-line transaction at lines 719-722:
Line 719: "WGU Corporation"|^|"WGUCORP"|^|"Approved"|^|"PC-10012824"|^|"2025-05-16-07:00"|^|"2025-05-16-07:00"|^|"1220 Enterprise Systems (IT Operations)"|^|"Microsoft Corporation"|^|"05/08/2025 MSFT * E0300WD11L 6.43 USD"|^|"To cover all annual direct (credit card) charges for licenses on the following Azure tenants:
Line 720: WesternGovernorsUniversity.onmicrosoft.com (WGU production)
Line 721: iocollabsandbox.onmicrosoft.com (Infrastructure Operations Collaboration sandbox tenant)
Line 722: $45,000 estimate for full year, monthly invoices add up to about $3,700/month"|^|"Software"|^|"PO-100034183"|^|"Approved"|^|"0"|^|"6.43"|^|""
Combined into: "WGU Corporation"|^|"WGUCORP"|^|"Approved"|^|"PC-10012824"|^|"2025-05-16-07:00"|^|"2025-05-16-07:00"|^|"1220 Enterprise Systems (IT Operations)"|^|"Microsoft Corporation"|^|"05/08/2025 MSFT * E0300WD11L 6.43 USD"|^|"To cover all annual direct (credit card) charges for licenses on the following Azure tenants: WesternGovernorsUniversity.onmicrosoft.com (WGU production) iocollabsandbox.onmicrosoft.com (Infrastructure Operations Collaboration sandbox tenant) $45,000 estimate for full year, monthly invoices add up to about $3,700/month"|^|"Software"|^|"PO-100034183"|^|"Approved"|^|"0"|^|"6.43"|^|""
--------------------------------------------------
Fixed multi-line transaction at lines 723-726:
Line 723: "WGU Corporation"|^|"WGUCORP"|^|"Approved"|^|"PC-10012824"|^|"2025-05-16-07:00"|^|"2025-05-16-07:00"|^|"1220 Enterprise Systems (IT Operations)"|^|"Microsoft Corporation"|^|"05/08/2025 MSFT * E0300WCU2C 914.81 USD"|^|"To cover all annual direct (credit card) charges for licenses on the following Azure tenants:
Line 724: WesternGovernorsUniversity.onmicrosoft.com (WGU production)
Line 725: iocollabsandbox.onmicrosoft.com (Infrastructure Operations Collaboration sandbox tenant)
Line 726: $45,000 estimate for full year, monthly invoices add up to about $3,700/month"|^|"Software"|^|"PO-100034183"|^|"Approved"|^|"0"|^|"914.81"|^|""
Combined into: "WGU Corporation"|^|"WGUCORP"|^|"Approved"|^|"PC-10012824"|^|"2025-05-16-07:00"|^|"2025-05-16-07:00"|^|"1220 Enterprise Systems (IT Operations)"|^|"Microsoft Corporation"|^|"05/08/2025 MSFT * E0300WCU2C 914.81 USD"|^|"To cover all annual direct (credit card) charges for licenses on the following Azure tenants: WesternGovernorsUniversity.onmicrosoft.com (WGU production) iocollabsandbox.onmicrosoft.com (Infrastructure Operations Collaboration sandbox tenant) $45,000 estimate for full year, monthly invoices add up to about $3,700/month"|^|"Software"|^|"PO-100034183"|^|"Approved"|^|"0"|^|"914.81"|^|""
--------------------------------------------------
Fixed multi-line transaction at lines 727-730:
Line 727: "WGU Corporation"|^|"WGUCORP"|^|"Approved"|^|"PC-10012824"|^|"2025-05-16-07:00"|^|"2025-05-16-07:00"|^|"1220 Enterprise Systems (IT Operations)"|^|"Microsoft Corporation"|^|"05/09/2025 MICROSOFT-G090940177 442.84 USD"|^|"To cover all annual direct (credit card) charges for licenses on the following Azure tenants:
Line 728: WesternGovernorsUniversity.onmicrosoft.com (WGU production)
Line 729: iocollabsandbox.onmicrosoft.com (Infrastructure Operations Collaboration sandbox tenant)
Line 730: $45,000 estimate for full year, monthly invoices add up to about $3,700/month"|^|"Software"|^|"PO-100034183"|^|"Approved"|^|"0"|^|"442.84"|^|""
Combined into: "WGU Corporation"|^|"WGUCORP"|^|"Approved"|^|"PC-10012824"|^|"2025-05-16-07:00"|^|"2025-05-16-07:00"|^|"1220 Enterprise Systems (IT Operations)"|^|"Microsoft Corporation"|^|"05/09/2025 MICROSOFT-G090940177 442.84 USD"|^|"To cover all annual direct (credit card) charges for licenses on the following Azure tenants: WesternGovernorsUniversity.onmicrosoft.com (WGU production) iocollabsandbox.onmicrosoft.com (Infrastructure Operations Collaboration sandbox tenant) $45,000 estimate for full year, monthly invoices add up to about $3,700/month"|^|"Software"|^|"PO-100034183"|^|"Approved"|^|"0"|^|"442.84"|^|""
--------------------------------------------------
Fixed multi-line transaction at lines 876-879:
Line 876: "WGU Corporation"|^|"WGUCORP"|^|"Approved"|^|"PC-10012884"|^|"2025-05-23-07:00"|^|"2025-05-23-07:00"|^|"1220 Enterprise Systems (IT Operations)"|^|"Microsoft Corporation"|^|"05/20/2025 MSFT+*+E0600W6S7X 660.67 USD"|^|"To cover all annual direct (credit card) charges for licenses on the following Azure tenants:
Line 877: WesternGovernorsUniversity.onmicrosoft.com (WGU production)
Line 878: iocollabsandbox.onmicrosoft.com (Infrastructure Operations Collaboration sandbox tenant)
Line 879: $45,000 estimate for full year, monthly invoices add up to about $3,700/month"|^|"Software"|^|"PO-100034183"|^|"Approved"|^|"0"|^|"660.67"|^|""
Combined into: "WGU Corporation"|^|"WGUCORP"|^|"Approved"|^|"PC-10012884"|^|"2025-05-23-07:00"|^|"2025-05-23-07:00"|^|"1220 Enterprise Systems (IT Operations)"|^|"Microsoft Corporation"|^|"05/20/2025 MSFT+*+E0600W6S7X 660.67 USD"|^|"To cover all annual direct (credit card) charges for licenses on the following Azure tenants: WesternGovernorsUniversity.onmicrosoft.com (WGU production) iocollabsandbox.onmicrosoft.com (Infrastructure Operations Collaboration sandbox tenant) $45,000 estimate for full year, monthly invoices add up to about $3,700/month"|^|"Software"|^|"PO-100034183"|^|"Approved"|^|"0"|^|"660.67"|^|""
--------------------------------------------------
Fixed multi-line transaction at lines 880-883:
Line 880: "WGU Corporation"|^|"WGUCORP"|^|"Approved"|^|"PC-10012884"|^|"2025-05-23-07:00"|^|"2025-05-23-07:00"|^|"1220 Enterprise Systems (IT Operations)"|^|"Microsoft Corporation"|^|"05/20/2025 MSFT+*+E0600W6RBI 160.89 USD"|^|"To cover all annual direct (credit card) charges for licenses on the following Azure tenants:
Line 881: WesternGovernorsUniversity.onmicrosoft.com (WGU production)
Line 882: iocollabsandbox.onmicrosoft.com (Infrastructure Operations Collaboration sandbox tenant)
Line 883: $45,000 estimate for full year, monthly invoices add up to about $3,700/month"|^|"Software"|^|"PO-100034183"|^|"Approved"|^|"0"|^|"160.89"|^|""
Combined into: "WGU Corporation"|^|"WGUCORP"|^|"Approved"|^|"PC-10012884"|^|"2025-05-23-07:00"|^|"2025-05-23-07:00"|^|"1220 Enterprise Systems (IT Operations)"|^|"Microsoft Corporation"|^|"05/20/2025 MSFT+*+E0600W6RBI 160.89 USD"|^|"To cover all annual direct (credit card) charges for licenses on the following Azure tenants: WesternGovernorsUniversity.onmicrosoft.com (WGU production) iocollabsandbox.onmicrosoft.com (Infrastructure Operations Collaboration sandbox tenant) $45,000 estimate for full year, monthly invoices add up to about $3,700/month"|^|"Software"|^|"PO-100034183"|^|"Approved"|^|"0"|^|"160.89"|^|""
--------------------------------------------------
Fixed multi-line transaction at lines 884-887:
Line 884: "WGU Corporation"|^|"WGUCORP"|^|"Approved"|^|"PC-10012884"|^|"2025-05-23-07:00"|^|"2025-05-23-07:00"|^|"1220 Enterprise Systems (IT Operations)"|^|"Microsoft Corporation"|^|"05/20/2025 MSFT+*+E0600W6QSV 5.91 USD"|^|"To cover all annual direct (credit card) charges for licenses on the following Azure tenants:
Line 885: WesternGovernorsUniversity.onmicrosoft.com (WGU production)
Line 886: iocollabsandbox.onmicrosoft.com (Infrastructure Operations Collaboration sandbox tenant)
Line 887: $45,000 estimate for full year, monthly invoices add up to about $3,700/month"|^|"Software"|^|"PO-100034183"|^|"Approved"|^|"0"|^|"5.91"|^|""
Combined into: "WGU Corporation"|^|"WGUCORP"|^|"Approved"|^|"PC-10012884"|^|"2025-05-23-07:00"|^|"2025-05-23-07:00"|^|"1220 Enterprise Systems (IT Operations)"|^|"Microsoft Corporation"|^|"05/20/2025 MSFT+*+E0600W6QSV 5.91 USD"|^|"To cover all annual direct (credit card) charges for licenses on the following Azure tenants: WesternGovernorsUniversity.onmicrosoft.com (WGU production) iocollabsandbox.onmicrosoft.com (Infrastructure Operations Collaboration sandbox tenant) $45,000 estimate for full year, monthly invoices add up to about $3,700/month"|^|"Software"|^|"PO-100034183"|^|"Approved"|^|"0"|^|"5.91"|^|""
--------------------------------------------------
Fixed multi-line transaction at lines 888-891:
Line 888: "WGU Corporation"|^|"WGUCORP"|^|"Approved"|^|"PC-10012884"|^|"2025-05-23-07:00"|^|"2025-05-23-07:00"|^|"1220 Enterprise Systems (IT Operations)"|^|"Microsoft Corporation"|^|"05/20/2025 MSFT * E0600W6RAS 60.07 USD"|^|"To cover all annual direct (credit card) charges for licenses on the following Azure tenants:
Line 889: WesternGovernorsUniversity.onmicrosoft.com (WGU production)
Line 890: iocollabsandbox.onmicrosoft.com (Infrastructure Operations Collaboration sandbox tenant)
Line 891: $45,000 estimate for full year, monthly invoices add up to about $3,700/month"|^|"Software"|^|"PO-100034183"|^|"Approved"|^|"0"|^|"60.07"|^|""
Combined into: "WGU Corporation"|^|"WGUCORP"|^|"Approved"|^|"PC-10012884"|^|"2025-05-23-07:00"|^|"2025-05-23-07:00"|^|"1220 Enterprise Systems (IT Operations)"|^|"Microsoft Corporation"|^|"05/20/2025 MSFT * E0600W6RAS 60.07 USD"|^|"To cover all annual direct (credit card) charges for licenses on the following Azure tenants: WesternGovernorsUniversity.onmicrosoft.com (WGU production) iocollabsandbox.onmicrosoft.com (Infrastructure Operations Collaboration sandbox tenant) $45,000 estimate for full year, monthly invoices add up to about $3,700/month"|^|"Software"|^|"PO-100034183"|^|"Approved"|^|"0"|^|"60.07"|^|""
--------------------------------------------------
Fixed multi-line transaction at lines 892-895:
Line 892: "WGU Corporation"|^|"WGUCORP"|^|"Approved"|^|"PC-10012884"|^|"2025-05-23-07:00"|^|"2025-05-23-07:00"|^|"1220 Enterprise Systems (IT Operations)"|^|"Microsoft Corporation"|^|"05/20/2025 MSFT * E0600W6QSW 5.36 USD"|^|"To cover all annual direct (credit card) charges for licenses on the following Azure tenants:
Line 893: WesternGovernorsUniversity.onmicrosoft.com (WGU production)
Line 894: iocollabsandbox.onmicrosoft.com (Infrastructure Operations Collaboration sandbox tenant)
Line 895: $45,000 estimate for full year, monthly invoices add up to about $3,700/month"|^|"Software"|^|"PO-100034183"|^|"Approved"|^|"0"|^|"5.36"|^|""
Combined into: "WGU Corporation"|^|"WGUCORP"|^|"Approved"|^|"PC-10012884"|^|"2025-05-23-07:00"|^|"2025-05-23-07:00"|^|"1220 Enterprise Systems (IT Operations)"|^|"Microsoft Corporation"|^|"05/20/2025 MSFT * E0600W6QSW 5.36 USD"|^|"To cover all annual direct (credit card) charges for licenses on the following Azure tenants: WesternGovernorsUniversity.onmicrosoft.com (WGU production) iocollabsandbox.onmicrosoft.com (Infrastructure Operations Collaboration sandbox tenant) $45,000 estimate for full year, monthly invoices add up to about $3,700/month"|^|"Software"|^|"PO-100034183"|^|"Approved"|^|"0"|^|"5.36"|^|""
--------------------------------------------------
Fixed multi-line transaction at lines 896-899:
Line 896: "WGU Corporation"|^|"WGUCORP"|^|"Approved"|^|"PC-10012884"|^|"2025-05-23-07:00"|^|"2025-05-23-07:00"|^|"1220 Enterprise Systems (IT Operations)"|^|"Microsoft Corporation"|^|"05/20/2025 MSFT * E0600W6QMS 920.20 USD"|^|"To cover all annual direct (credit card) charges for licenses on the following Azure tenants:
Line 897: WesternGovernorsUniversity.onmicrosoft.com (WGU production)
Line 898: iocollabsandbox.onmicrosoft.com (Infrastructure Operations Collaboration sandbox tenant)
Line 899: $45,000 estimate for full year, monthly invoices add up to about $3,700/month"|^|"Software"|^|"PO-100034183"|^|"Approved"|^|"0"|^|"920.2"|^|""
Combined into: "WGU Corporation"|^|"WGUCORP"|^|"Approved"|^|"PC-10012884"|^|"2025-05-23-07:00"|^|"2025-05-23-07:00"|^|"1220 Enterprise Systems (IT Operations)"|^|"Microsoft Corporation"|^|"05/20/2025 MSFT * E0600W6QMS 920.20 USD"|^|"To cover all annual direct (credit card) charges for licenses on the following Azure tenants: WesternGovernorsUniversity.onmicrosoft.com (WGU production) iocollabsandbox.onmicrosoft.com (Infrastructure Operations Collaboration sandbox tenant) $45,000 estimate for full year, monthly invoices add up to about $3,700/month"|^|"Software"|^|"PO-100034183"|^|"Approved"|^|"0"|^|"920.2"|^|""
--------------------------------------------------
Fixed multi-line transaction at lines 900-903:
Line 900: "WGU Corporation"|^|"WGUCORP"|^|"Approved"|^|"PC-10012884"|^|"2025-05-23-07:00"|^|"2025-05-23-07:00"|^|"1220 Enterprise Systems (IT Operations)"|^|"Microsoft Corporation"|^|"05/20/2025 MSFT * E0600W6QMR 171.60 USD"|^|"To cover all annual direct (credit card) charges for licenses on the following Azure tenants:
Line 901: WesternGovernorsUniversity.onmicrosoft.com (WGU production)
Line 902: iocollabsandbox.onmicrosoft.com (Infrastructure Operations Collaboration sandbox tenant)
Line 903: $45,000 estimate for full year, monthly invoices add up to about $3,700/month"|^|"Software"|^|"PO-100034183"|^|"Approved"|^|"0"|^|"171.6"|^|""
Combined into: "WGU Corporation"|^|"WGUCORP"|^|"Approved"|^|"PC-10012884"|^|"2025-05-23-07:00"|^|"2025-05-23-07:00"|^|"1220 Enterprise Systems (IT Operations)"|^|"Microsoft Corporation"|^|"05/20/2025 MSFT * E0600W6QMR 171.60 USD"|^|"To cover all annual direct (credit card) charges for licenses on the following Azure tenants: WesternGovernorsUniversity.onmicrosoft.com (WGU production) iocollabsandbox.onmicrosoft.com (Infrastructure Operations Collaboration sandbox tenant) $45,000 estimate for full year, monthly invoices add up to about $3,700/month"|^|"Software"|^|"PO-100034183"|^|"Approved"|^|"0"|^|"171.6"|^|""
--------------------------------------------------
Fixed multi-line transaction at lines 904-908:
Line 904: "WGU Corporation"|^|"WGUCORP"|^|"Approved"|^|"PC-10012884"|^|"2025-05-23-07:00"|^|"2025-05-23-07:00"|^|"1467 Production & Operations"|^|"WGU Procurement Only"|^|"05/19/2025 ELEVENLABS.IO 1,061.78 USD"|^|">This request is for five Creator licenses from ElevenLabs for use the by the Multimedia team in support of various courses and programs within Program Development. (https://elevenlabs.io/pricing)
Line 905: 
Line 906: >Licenses should be renewed annually.
Line 907: 
Line 908: >These licenses need to be purchased by procurement as I do not have a PCard."|^|"Content Development"|^|"PO-100035818"|^|"Approved"|^|"0"|^|"1061.78"|^|""
Combined into: "WGU Corporation"|^|"WGUCORP"|^|"Approved"|^|"PC-10012884"|^|"2025-05-23-07:00"|^|"2025-05-23-07:00"|^|"1467 Production & Operations"|^|"WGU Procurement Only"|^|"05/19/2025 ELEVENLABS.IO 1,061.78 USD"|^|">This request is for five Creator licenses from ElevenLabs for use the by the Multimedia team in support of various courses and programs within Program Development. (https://elevenlabs.io/pricing)  >Licenses should be renewed annually.  >These licenses need to be purchased by procurement as I do not have a PCard."|^|"Content Development"|^|"PO-100035818"|^|"Approved"|^|"0"|^|"1061.78"|^|""
--------------------------------------------------
